<?xml version="1.0" encoding="UTF-8"?>
<!-- Generated by org.testng.reporters.JUnitReportReporter -->
<testsuite skipped="0" hostname="Dell-PC" name="Lakshit7667.SeleniumCode" tests="1" failures="0" timestamp="14 Aug 2020 11:50:55 GMT" time="0.030" errors="0">
  <testcase name="test1" time="0.030" classname="Lakshit7667.SeleniumCode"/>
</testsuite> <!-- Lakshit7667.SeleniumCode -->
