<?xml version="1.0" encoding="UTF-8"?>
<!-- Generated by org.testng.reporters.JUnitReportReporter -->
<testsuite hostname="Dell-PC" name="Lakshit7667.AppiumCode" tests="1" failures="0" timestamp="23 Aug 2020 10:06:34 GMT" time="0.000" errors="0">
  <testcase name="test1" time="0.000" classname="Lakshit7667.AppiumCode"/>
</testsuite> <!-- Lakshit7667.AppiumCode -->
